<?xml version="1.0" encoding="UTF-8"?>
<testsuite name="com.sparta.jpaadvance.orphan.OrphanTest" tests="1" skipped="0" failures="0" errors="0" timestamp="2024-07-30T02:49:44" hostname="userui-MacBookPro.local" time="0.799">
  <properties/>
  <testcase name="연관관계 제거" classname="com.sparta.jpaadvance.orphan.OrphanTest" time="0.799"/>
  <system-out><![CDATA[11:49:40.343 [Test worker] INFO org.springframework.test.context.support.AnnotationConfigContextLoaderUtils -- Could not detect default configuration classes for test class [com.sparta.jpaadvance.orphan.OrphanTest]: OrphanTest does not declare any static, non-private, non-final, nested classes annotated with @Configuration.
11:49:40.462 [Test worker] INFO org.springframework.boot.test.context.SpringBootTestContextBootstrapper -- Found @SpringBootConfiguration com.sparta.jpaadvance.JpaAdvanceApplication for test class com.sparta.jpaadvance.orphan.OrphanTest

  .   ____          _            __ _ _
 /\\ / ___'_ __ _ _(_)_ __  __ _ \ \ \ \
( ( )\___ | '_ | '_| | '_ \/ _` | \ \ \ \
 \\/  ___)| |_)| | | | | || (_| |  ) ) ) )
  '  |____| .__|_| |_|_| |_\__, | / / / /
 =========|_|==============|___/=/_/_/_/

 :: Spring Boot ::                (v3.3.2)

2024-07-30T11:49:40.876+09:00  INFO 6040 --- [    Test worker] c.sparta.jpaadvance.orphan.OrphanTest    : Starting OrphanTest using Java 17.0.7 with PID 6040 (started by user in /Users/user/Desktop/all_project/jpa-advance)
2024-07-30T11:49:40.879+09:00  INFO 6040 --- [    Test worker] c.sparta.jpaadvance.orphan.OrphanTest    : No active profile set, falling back to 1 default profile: "default"
2024-07-30T11:49:41.480+09:00  INFO 6040 --- [    Test worker] .s.d.r.c.RepositoryConfigurationDelegate : Bootstrapping Spring Data JPA repositories in DEFAULT mode.
2024-07-30T11:49:41.548+09:00  INFO 6040 --- [    Test worker] .s.d.r.c.RepositoryConfigurationDelegate : Finished Spring Data repository scanning in 61 ms. Found 3 JPA repository interfaces.
2024-07-30T11:49:42.050+09:00  INFO 6040 --- [    Test worker] o.hibernate.jpa.internal.util.LogHelper  : HHH000204: Processing PersistenceUnitInfo [name: default]
2024-07-30T11:49:42.094+09:00  INFO 6040 --- [    Test worker] org.hibernate.Version                    : HHH000412: Hibernate ORM core version 6.5.2.Final
2024-07-30T11:49:42.121+09:00  INFO 6040 --- [    Test worker] o.h.c.internal.RegionFactoryInitiator    : HHH000026: Second-level cache disabled
2024-07-30T11:49:42.388+09:00  INFO 6040 --- [    Test worker] o.s.o.j.p.SpringPersistenceUnitInfo      : No LoadTimeWeaver setup: ignoring JPA class transformer
2024-07-30T11:49:42.413+09:00  INFO 6040 --- [    Test worker] com.zaxxer.hikari.HikariDataSource       : HikariPool-1 - Starting...
2024-07-30T11:49:42.744+09:00  INFO 6040 --- [    Test worker] com.zaxxer.hikari.pool.HikariPool        : HikariPool-1 - Added connection com.mysql.cj.jdbc.ConnectionImpl@45d46254
2024-07-30T11:49:42.746+09:00  INFO 6040 --- [    Test worker] com.zaxxer.hikari.HikariDataSource       : HikariPool-1 - Start completed.
2024-07-30T11:49:43.708+09:00  INFO 6040 --- [    Test worker] o.h.e.t.j.p.i.JtaPlatformInitiator       : HHH000489: No JTA platform available (set 'hibernate.transaction.jta.platform' to enable JTA platform integration)
2024-07-30T11:49:43.776+09:00  INFO 6040 --- [    Test worker] j.LocalContainerEntityManagerFactoryBean : Initialized JPA EntityManagerFactory for persistence unit 'default'
2024-07-30T11:49:43.936+09:00  WARN 6040 --- [    Test worker] JpaBaseConfiguration$JpaWebConfiguration : spring.jpa.open-in-view is enabled by default. Therefore, database queries may be performed during view rendering. Explicitly configure spring.jpa.open-in-view to disable this warning
2024-07-30T11:49:44.547+09:00  INFO 6040 --- [    Test worker] c.sparta.jpaadvance.orphan.OrphanTest    : Started OrphanTest in 3.938 seconds (process running for 5.156)
Hibernate: 
    /* <criteria> */ select
        u1_0.id,
        u1_0.name 
    from
        users u1_0 
    where
        u1_0.name=?
user.getName() = Robbie
Hibernate: 
    select
        fl1_0.user_id,
        fl1_0.id,
        fl1_0.name,
        fl1_0.price 
    from
        food fl1_0 
    where
        fl1_0.user_id=?
food.getName() = 고구마 피자
food.getName() = 아보카도 피자
Hibernate: 
    /* delete for com.sparta.jpaadvance.entity.Food */delete 
    from
        food 
    where
        id=?
]]></system-out>
  <system-err><![CDATA[]]></system-err>
</testsuite>
