<?xml version="1.0" encoding="UTF-8"?>
<testsuite name="com.example.restaurant.wishlist.service.WishListServiceTest" tests="1" skipped="0" failures="0" errors="0" timestamp="2024-07-17T05:55:32" hostname="userui-MacBookPro.local" time="1.569">
  <properties/>
  <testcase name="searchTest()" classname="com.example.restaurant.wishlist.service.WishListServiceTest" time="1.569"/>
  <system-out><![CDATA[14:55:30.267 [Test worker] INFO org.springframework.test.context.support.AnnotationConfigContextLoaderUtils -- Could not detect default configuration classes for test class [com.example.restaurant.wishlist.service.WishListServiceTest]: WishListServiceTest does not declare any static, non-private, non-final, nested classes annotated with @Configuration.
14:55:30.400 [Test worker] INFO org.springframework.boot.test.context.SpringBootTestContextBootstrapper -- Found @SpringBootConfiguration com.example.restaurant.RestaurantApplication for test class com.example.restaurant.wishlist.service.WishListServiceTest

  .   ____          _            __ _ _
 /\\ / ___'_ __ _ _(_)_ __  __ _ \ \ \ \
( ( )\___ | '_ | '_| | '_ \/ _` | \ \ \ \
 \\/  ___)| |_)| | | | | || (_| |  ) ) ) )
  '  |____| .__|_| |_|_| |_\__, | / / / /
 =========|_|==============|___/=/_/_/_/

 :: Spring Boot ::                (v3.3.1)

2024-07-17T14:55:30.858+09:00  INFO 7113 --- [    Test worker] c.e.r.w.service.WishListServiceTest      : Starting WishListServiceTest using Java 17.0.7 with PID 7113 (started by user in /Users/user/Desktop/all_project/restaurant)
2024-07-17T14:55:30.859+09:00  INFO 7113 --- [    Test worker] c.e.r.w.service.WishListServiceTest      : No active profile set, falling back to 1 default profile: "default"
2024-07-17T14:55:32.040+09:00  INFO 7113 --- [    Test worker] c.e.r.w.service.WishListServiceTest      : Started WishListServiceTest in 1.465 seconds (process running for 2.721)
WishListDto(index=0, title=원조이동김미자할머니갈비 포천이동본점, category=한식>육류,고기요리, address=경기도 포천시 이동면 장암리 216-3, readAddress=경기도 포천시 이동면 화동로 2087, homePageLink=http://www.김미자할머니갈비.kr/, imageLink=https://ldb-phinf.pstatic.net/20190923_123/1569213677726dldJw_JPEG/n1O7Nm4JoUFaLJa60UG6cEFV.jpg, isVisit=null, visitCount=0, lastVisitDate=null)
]]></system-out>
  <system-err><![CDATA[]]></system-err>
</testsuite>
